
------------------------------------------------------------------------------------------
  RUN STARTED: 2026-04-17 05:44:20  |  Alerts generated: 5
------------------------------------------------------------------------------------------
[2026-04-17 05:44:20]  ALERT | Agent: Henry Taylor         | Metric: Avg QA Score | Value: 67.37 (threshold: 70.0) | Tickets: 265
[2026-04-17 05:44:20]  ALERT | Agent: Bob Martinez         | Metric: Avg QA Score | Value: 65.48 (threshold: 70.0) | Tickets: 253
[2026-04-17 05:44:20]  ALERT | Agent: James Anderson       | Metric: Avg QA Score | Value: 65.34 (threshold: 70.0) | Tickets: 258
[2026-04-17 05:44:20]  ALERT | Agent: Mia Harris           | Metric: Avg QA Score | Value: 65.21 (threshold: 70.0) | Tickets: 273
[2026-04-17 05:44:20]  ALERT | Agent: Tina Scott           | Metric: Avg QA Score | Value: 64.71 (threshold: 70.0) | Tickets: 231

------------------------------------------------------------------------------------------
  RUN STARTED: 2026-04-17 11:54:51  |  Alerts generated: 5
------------------------------------------------------------------------------------------
[2026-04-17 11:54:51]  ALERT | Agent: Henry Taylor         | Metric: Avg QA Score | Value: 67.37 (threshold: 70.0) | Tickets: 265
[2026-04-17 11:54:51]  ALERT | Agent: Bob Martinez         | Metric: Avg QA Score | Value: 65.48 (threshold: 70.0) | Tickets: 253
[2026-04-17 11:54:51]  ALERT | Agent: James Anderson       | Metric: Avg QA Score | Value: 65.34 (threshold: 70.0) | Tickets: 258
[2026-04-17 11:54:51]  ALERT | Agent: Mia Harris           | Metric: Avg QA Score | Value: 65.21 (threshold: 70.0) | Tickets: 273
[2026-04-17 11:54:51]  ALERT | Agent: Tina Scott           | Metric: Avg QA Score | Value: 64.71 (threshold: 70.0) | Tickets: 231

------------------------------------------------------------------------------------------
  RUN STARTED: 2026-04-17 11:56:57  |  Alerts generated: 5
------------------------------------------------------------------------------------------
[2026-04-17 11:56:57]  ALERT | Agent: Henry Taylor         | Metric: Avg QA Score | Value: 67.37 (threshold: 70.0) | Tickets: 265
[2026-04-17 11:56:57]  ALERT | Agent: Bob Martinez         | Metric: Avg QA Score | Value: 65.48 (threshold: 70.0) | Tickets: 253
[2026-04-17 11:56:57]  ALERT | Agent: James Anderson       | Metric: Avg QA Score | Value: 65.34 (threshold: 70.0) | Tickets: 258
[2026-04-17 11:56:57]  ALERT | Agent: Mia Harris           | Metric: Avg QA Score | Value: 65.21 (threshold: 70.0) | Tickets: 273
[2026-04-17 11:56:57]  ALERT | Agent: Tina Scott           | Metric: Avg QA Score | Value: 64.71 (threshold: 70.0) | Tickets: 231

------------------------------------------------------------------------------------------
  RUN STARTED: 2026-04-17 11:57:14  |  Alerts generated: 5
------------------------------------------------------------------------------------------
[2026-04-17 11:57:14]  ALERT | Agent: Henry Taylor         | Metric: Avg QA Score | Value: 67.37 (threshold: 70.0) | Tickets: 265
[2026-04-17 11:57:14]  ALERT | Agent: Bob Martinez         | Metric: Avg QA Score | Value: 65.48 (threshold: 70.0) | Tickets: 253
[2026-04-17 11:57:14]  ALERT | Agent: James Anderson       | Metric: Avg QA Score | Value: 65.34 (threshold: 70.0) | Tickets: 258
[2026-04-17 11:57:14]  ALERT | Agent: Mia Harris           | Metric: Avg QA Score | Value: 65.21 (threshold: 70.0) | Tickets: 273
[2026-04-17 11:57:14]  ALERT | Agent: Tina Scott           | Metric: Avg QA Score | Value: 64.71 (threshold: 70.0) | Tickets: 231

------------------------------------------------------------------------------------------
  RUN STARTED: 2026-04-17 11:58:47  |  Alerts generated: 5
------------------------------------------------------------------------------------------
[2026-04-17 11:58:47]  ALERT | Agent: Henry Taylor         | Metric: Avg QA Score | Value: 67.37 (threshold: 70.0) | Tickets: 265
[2026-04-17 11:58:47]  ALERT | Agent: Bob Martinez         | Metric: Avg QA Score | Value: 65.48 (threshold: 70.0) | Tickets: 253
[2026-04-17 11:58:47]  ALERT | Agent: James Anderson       | Metric: Avg QA Score | Value: 65.34 (threshold: 70.0) | Tickets: 258
[2026-04-17 11:58:47]  ALERT | Agent: Mia Harris           | Metric: Avg QA Score | Value: 65.21 (threshold: 70.0) | Tickets: 273
[2026-04-17 11:58:47]  ALERT | Agent: Tina Scott           | Metric: Avg QA Score | Value: 64.71 (threshold: 70.0) | Tickets: 231

------------------------------------------------------------------------------------------
  RUN STARTED: 2026-04-18 01:51:22  |  Alerts generated: 5
------------------------------------------------------------------------------------------
[2026-04-18 01:51:22]  ALERT | Agent: Henry Taylor         | Metric: Avg QA Score | Value: 67.37 (threshold: 70.0) | Tickets: 265
[2026-04-18 01:51:22]  ALERT | Agent: Bob Martinez         | Metric: Avg QA Score | Value: 65.48 (threshold: 70.0) | Tickets: 253
[2026-04-18 01:51:22]  ALERT | Agent: James Anderson       | Metric: Avg QA Score | Value: 65.34 (threshold: 70.0) | Tickets: 258
[2026-04-18 01:51:22]  ALERT | Agent: Mia Harris           | Metric: Avg QA Score | Value: 65.21 (threshold: 70.0) | Tickets: 273
[2026-04-18 01:51:22]  ALERT | Agent: Tina Scott           | Metric: Avg QA Score | Value: 64.71 (threshold: 70.0) | Tickets: 231
